LOG: PGDSs registered
╔═════════════════════════════════════════════════════════════════════════════════════════════════════════╤═════════════╤═════╗
║ c                                                                                                       │ type        │ cnt ║
╠═════════════════════════════════════════════════════════════════════════════════════════════════════════╪═════════════╪═════╣
║ (:`Customer` {`customerId`: 'G1KX22LV86D', `customerIdx`: 784, `customerName`: 'Trevor Awe'})           │ 'complaint' │ 3   ║
║ (:`Customer` {`customerId`: 'S4VO48QU39G', `customerIdx`: 809, `customerName`: 'Darrell Stilgenbauer'}) │ 'cancel'    │ 3   ║
║ (:`Customer` {`customerId`: 'Z3VD29SC47G', `customerIdx`: 146, `customerName`: 'Willy Longs'})          │ 'cancel'    │ 3   ║
║ (:`Customer` {`customerId`: 'D6ED50AU16Z', `customerIdx`: 1041, `customerName`: 'Clement Yurkanin'})    │ 'cancel'    │ 3   ║
║ (:`Customer` {`customerId`: 'G3MZ89LK04G', `customerIdx`: 1264, `customerName`: 'Edwin Mikuszewski'})   │ 'complaint' │ 3   ║
║ (:`Customer` {`customerId`: 'P0FT43ZY40N', `customerIdx`: 1464, `customerName`: 'Hipolito Risler'})     │ 'complaint' │ 3   ║
╚═════════════════════════════════════════════════════════════════════════════════════════════════════════╧═════════════╧═════╝
(6 rows)
LOG: Graph merged to Neo4j
╔═════════════════════════════════════════════════════════════════════════════════════════════════════════╤═════════════╤═════╗
║ c                                                                                                       │ type        │ cnt ║
╠═════════════════════════════════════════════════════════════════════════════════════════════════════════╪═════════════╪═════╣
║ (:`Customer` {`customerId`: 'G1KX22LV86D', `customerIdx`: 784, `customerName`: 'Trevor Awe'})           │ 'complaint' │ 3   ║
║ (:`Customer` {`customerId`: 'D6ED50AU16Z', `customerIdx`: 1041, `customerName`: 'Clement Yurkanin'})    │ 'cancel'    │ 3   ║
║ (:`Customer` {`customerId`: 'Z3VD29SC47G', `customerIdx`: 146, `customerName`: 'Willy Longs'})          │ 'cancel'    │ 3   ║
║ (:`Customer` {`customerId`: 'P0FT43ZY40N', `customerIdx`: 1464, `customerName`: 'Hipolito Risler'})     │ 'complaint' │ 3   ║
║ (:`Customer` {`customerId`: 'S4VO48QU39G', `customerIdx`: 809, `customerName`: 'Darrell Stilgenbauer'}) │ 'cancel'    │ 3   ║
║ (:`Customer` {`customerId`: 'G3MZ89LK04G', `customerIdx`: 1264, `customerName`: 'Edwin Mikuszewski'})   │ 'complaint' │ 3   ║
╚═════════════════════════════════════════════════════════════════════════════════════════════════════════╧═════════════╧═════╝
(6 rows)
╔══════════════════════════════════════════════════════════════════╤═════════════╤═════╗
║ rep                                                              │ type        │ cnt ║
╠══════════════════════════════════════════════════════════════════╪═════════════╪═════╣
║ (:`CustomerRep` {`empName`: 'Bahi, Toshimori', `empNo`: 10335})  │ 'cancel'    │ 14  ║
║ (:`CustomerRep` {`empName`: 'Himler, Jiakeng', `empNo`: 10466})  │ 'cancel'    │ 13  ║
║ (:`CustomerRep` {`empName`: 'Caine, Morris', `empNo`: 10816})    │ 'cancel'    │ 12  ║
║ (:`CustomerRep` {`empName`: 'Tramer, Basil', `empNo`: 10049})    │ 'complaint' │ 12  ║
║ (:`CustomerRep` {`empName`: 'Nyanchama, Visit', `empNo`: 10903}) │ 'complaint' │ 12  ║
║ (:`CustomerRep` {`empName`: 'Valtorta, Kayoko', `empNo`: 10126}) │ 'complaint' │ 12  ║
║ (:`CustomerRep` {`empName`: 'Angel, Hidekazu', `empNo`: 10617})  │ 'cancel'    │ 11  ║
║ (:`CustomerRep` {`empName`: 'Redmiles, Bernd', `empNo`: 10721})  │ 'complaint' │ 10  ║
║ (:`CustomerRep` {`empName`: 'Bahr, Avishai', `empNo`: 10773})    │ 'complaint' │ 10  ║
╚══════════════════════════════════════════════════════════════════╧═════════════╧═════╝
(9 rows)
╔══════════════════════════════════════════════════════════════════╤═════════════╤═════╗
║ rep                                                              │ type        │ cnt ║
╠══════════════════════════════════════════════════════════════════╪═════════════╪═════╣
║ (:`CustomerRep` {`empName`: 'Bahi, Toshimori', `empNo`: 10335})  │ 'cancel'    │ 14  ║
║ (:`CustomerRep` {`empName`: 'Himler, Jiakeng', `empNo`: 10466})  │ 'cancel'    │ 13  ║
║ (:`CustomerRep` {`empName`: 'Tramer, Basil', `empNo`: 10049})    │ 'complaint' │ 12  ║
║ (:`CustomerRep` {`empName`: 'Valtorta, Kayoko', `empNo`: 10126}) │ 'complaint' │ 12  ║
║ (:`CustomerRep` {`empName`: 'Caine, Morris', `empNo`: 10816})    │ 'cancel'    │ 12  ║
║ (:`CustomerRep` {`empName`: 'Nyanchama, Visit', `empNo`: 10903}) │ 'complaint' │ 12  ║
║ (:`CustomerRep` {`empName`: 'Angel, Hidekazu', `empNo`: 10617})  │ 'cancel'    │ 11  ║
║ (:`CustomerRep` {`empName`: 'Bahr, Avishai', `empNo`: 10773})    │ 'complaint' │ 10  ║
║ (:`CustomerRep` {`empName`: 'Redmiles, Bernd', `empNo`: 10721})  │ 'complaint' │ 10  ║
╚══════════════════════════════════════════════════════════════════╧═════════════╧═════╝
(9 rows)
LOG: Delta merged
╔══════════════════════════════════════════════════════════════════╤═════════════╤═════╗
║ rep                                                              │ type        │ cnt ║
╠══════════════════════════════════════════════════════════════════╪═════════════╪═════╣
║ (:`CustomerRep` {`empName`: 'Bahi, Toshimori', `empNo`: 10335})  │ 'cancel'    │ 16  ║
║ (:`CustomerRep` {`empName`: 'Tramer, Basil', `empNo`: 10049})    │ 'complaint' │ 15  ║
║ (:`CustomerRep` {`empName`: 'Caine, Morris', `empNo`: 10816})    │ 'cancel'    │ 14  ║
║ (:`CustomerRep` {`empName`: 'Bahr, Avishai', `empNo`: 10773})    │ 'complaint' │ 13  ║
║ (:`CustomerRep` {`empName`: 'Swick, Yuichiro', `empNo`: 10112})  │ 'cancel'    │ 13  ║
║ (:`CustomerRep` {`empName`: 'Himler, Jiakeng', `empNo`: 10466})  │ 'cancel'    │ 13  ║
║ (:`CustomerRep` {`empName`: 'Redmiles, Bernd', `empNo`: 10721})  │ 'complaint' │ 12  ║
║ (:`CustomerRep` {`empName`: 'Nyanchama, Visit', `empNo`: 10903}) │ 'complaint' │ 12  ║
║ (:`CustomerRep` {`empName`: 'Valtorta, Kayoko', `empNo`: 10126}) │ 'complaint' │ 12  ║
╚══════════════════════════════════════════════════════════════════╧═════════════╧═════╝
(9 rows)
